Wed May 31 2017 12:40:32 GMT+0530 (Sri Lanka Standard Time) : GET /
Wed May 31 2017 12:40:41 GMT+0530 (Sri Lanka Standard Time) : GET /about
Wed May 31 2017 12:50:39 GMT+0530 (Sri Lanka Standard Time) : GET /about
Wed May 31 2017 12:51:20 GMT+0530 (Sri Lanka Standard Time) : GET /about
Wed May 31 2017 12:51:28 GMT+0530 (Sri Lanka Standard Time) : GET /
Wed May 31 2017 12:51:44 GMT+0530 (Sri Lanka Standard Time) : GET /
Wed May 31 2017 12:51:46 GMT+0530 (Sri Lanka Standard Time) : GET /about
Wed May 31 2017 12:52:04 GMT+0530 (Sri Lanka Standard Time) : GET /help.html
Wed May 31 2017 12:52:17 GMT+0530 (Sri Lanka Standard Time) : GET /help.html
Fri Jun 02 2017 19:00:57 GMT+0530 (Sri Lanka Standard Time) : GET /
Fri Jun 02 2017 19:00:58 GMT+0530 (Sri Lanka Standard Time) : GET /favicon.ico
Fri Jun 02 2017 19:01:58 GMT+0530 (Sri Lanka Standard Time) : GET /
Fri Jun 02 2017 19:01:59 GMT+0530 (Sri Lanka Standard Time) : GET /favicon.ico
Fri Jun 02 2017 19:02:01 GMT+0530 (Sri Lanka Standard Time) : GET /about
Fri Jun 02 2017 19:02:03 GMT+0530 (Sri Lanka Standard Time) : GET /
Fri Jun 02 2017 19:17:13 GMT+0530 (Sri Lanka Standard Time) : GET /
Fri Jun 02 2017 19:17:15 GMT+0530 (Sri Lanka Standard Time) : GET /project
Fri Jun 02 2017 19:17:18 GMT+0530 (Sri Lanka Standard Time) : GET /about
Fri Jun 02 2017 19:17:20 GMT+0530 (Sri Lanka Standard Time) : GET /
Fri Jun 02 2017 19:17:23 GMT+0530 (Sri Lanka Standard Time) : GET /project
